<?xml version="1.0" encoding="UTF-8"?>
<!-- Generated by org.testng.reporters.JUnitReportReporter -->
<testsuite hostname="GUR-L-033" failures="0" tests="1" name="RunnerFiles.Runner_Access" time="61.281" errors="0" timestamp="16 Jul 2020 10:10:16 GMT" skipped="0">
  <testcase classname="RunnerFiles.Runner_Access" name="feature" time="61.281"/>
</testsuite> <!-- RunnerFiles.Runner_Access -->
